
> not-todo@0.1.0 test:e2e
> start-server-and-test dev http://localhost:5173 cypress:run

1: starting server using command "npm run dev"
and when url "[ 'http://localhost:5173' ]" is responding with HTTP status code 200
running tests using command "npm run cypress:run"


> not-todo@0.1.0 dev
> vite

server.force is deprecated, use optimizeDeps.force instead
Forced re-optimization of dependencies

  VITE v4.5.9  ready in 210 ms

  ➜  Local:   http://localhost:5173/
  ➜  Network: use --host to expose

> not-todo@0.1.0 cypress:run
> cypress run


DevTools listening on ws://127.0.0.1:35377/devtools/browser/abe2e452-8b5e-44d7-95b0-b42bcb0164c4
(node:38924) ExperimentalWarning: `--experimental-loader` may be removed in the future; instead use `register()`:
--import 'data:text/javascript,import { register } from "node:module"; import { pathToFileURL } from "node:url"; register("file%3A///home/ubuntu/.cache/Cypress/14.2.0/Cypress/resources/app/node_modules/ts-node/esm/transpile-only.mjs", pathToFileURL("./"));'
(Use `node --trace-warnings ...` to show where the warning was created)
(node:38924) [DEP0180] DeprecationWarning: fs.Stats constructor is deprecated.
(Use `node --trace-deprecation ...` to show where the warning was created)

================================================================================

  (Run Starting)

  ┌────────────────────────────────────────────────────────────────────────────────────────────────┐
  │ Cypress:        14.2.0                                                                         │
  │ Browser:        Electron 130 (headless)                                                        │
  │ Node Version:   v22.12.0 (/home/ubuntu/.nvm/versions/node/v22.12.0/bin/node)                   │
  │ Specs:          3 found (complete-workflow.cy.ts, not-todo-selection.cy.ts, task-addition.cy.t │
  │                 s)                                                                             │
  │ Searched:       cypress/e2e/**/*.cy.{js,jsx,ts,tsx}                                            │
  └────────────────────────────────────────────────────────────────────────────────────────────────┘


────────────────────────────────────────────────────────────────────────────────────────────────────
                                                                                                    
  Running:  complete-workflow.cy.ts                                                         (1 of 3)


  完全なワークフローのE2Eテスト
    1) タスクの追加から3つのNot-ToDo選択までの完全なワークフロー


  0 passing (11s)
  1 failing

  1) 完全なワークフローのE2Eテスト
       タスクの追加から3つのNot-ToDo選択までの完全なワークフロー:
     AssertionError: Timed out retrying after 10000ms: Expected to find element: `input[placeholder="タスクを入力"]`, but never found it.
      at Context.eval (webpack://not-todo/./cypress/support/commands.ts:11:60)
      at wrapped (http://localhost:5173/__cypress/runner/cypress_runner.js:138854:43)




  (Results)

  ┌────────────────────────────────────────────────────────────────────────────────────────────────┐
  │ Tests:        1                                                                                │
  │ Passing:      0                                                                                │
  │ Failing:      1                                                                                │
  │ Pending:      0                                                                                │
  │ Skipped:      0                                                                                │
  │ Screenshots:  1                                                                                │
  │ Video:        false                                                                            │
  │ Duration:     11 seconds                                                                       │
  │ Spec Ran:     complete-workflow.cy.ts                                                          │
  └────────────────────────────────────────────────────────────────────────────────────────────────┘


  (Screenshots)

  -  /home/ubuntu/repos/Not_TODO/cypress/screenshots/complete-workflow.cy.ts/完全な…      (1280x720)
     ーのE2Eテスト -- タスクの追加から3つのNot-ToDo選択までの完全なワークフロー (fai…               


────────────────────────────────────────────────────────────────────────────────────────────────────
                                                                                                    
  Running:  not-todo-selection.cy.ts                                                        (2 of 3)


  Not-ToDo選択のE2Eテスト
    1) "before each" hook for "3つのタスクをNot-ToDoとして選択し、理由を設定できる"


  0 passing (11s)
  1 failing

  1) Not-ToDo選択のE2Eテスト
       "before each" hook for "3つのタスクをNot-ToDoとして選択し、理由を設定できる":
     AssertionError: Timed out retrying after 10000ms: Expected to find element: `input[placeholder="タスクを入力"]`, but never found it.

Because this error occurred during a `before each` hook we are skipping the remaining tests in the current suite: `Not-ToDo選択のE2Eテスト`
      at Context.eval (webpack://not-todo/./cypress/support/commands.ts:11:60)
      at wrapped (http://localhost:5173/__cypress/runner/cypress_runner.js:138854:43)




  (Results)

  ┌────────────────────────────────────────────────────────────────────────────────────────────────┐
  │ Tests:        1                                                                                │
  │ Passing:      0                                                                                │
  │ Failing:      1                                                                                │
  │ Pending:      0                                                                                │
  │ Skipped:      0                                                                                │
  │ Screenshots:  1                                                                                │
  │ Video:        false                                                                            │
  │ Duration:     11 seconds                                                                       │
  │ Spec Ran:     not-todo-selection.cy.ts                                                         │
  └────────────────────────────────────────────────────────────────────────────────────────────────┘


  (Screenshots)

  -  /home/ubuntu/repos/Not_TODO/cypress/screenshots/not-todo-selection.cy.ts/Not-ToD     (1280x720)
     o選択のE2Eテスト -- 3つのタスクをNot-ToDoとして選択し、理由を設定できる -- befo…               


────────────────────────────────────────────────────────────────────────────────────────────────────
                                                                                                    
  Running:  task-addition.cy.ts                                                             (3 of 3)


  タスク追加のE2Eテスト
    1) 新しいタスクを追加できる
    2) 複数のタスクを追加できる


  0 passing (16s)
  2 failing

  1) タスク追加のE2Eテスト
       新しいタスクを追加できる:
     AssertionError: Timed out retrying after 4000ms: Expected to find content: 'E2Eテスト用タスク' but never did.
      at Context.eval (webpack://not-todo/./cypress/e2e/task-addition.cy.ts:12:0)

  2) タスク追加のE2Eテスト
       複数のタスクを追加できる:
     AssertionError: Timed out retrying after 10000ms: Expected to find element: `input[placeholder="タスクを入力"]`, but never found it.
      at Context.eval (webpack://not-todo/./cypress/support/commands.ts:11:60)
      at wrapped (http://localhost:5173/__cypress/runner/cypress_runner.js:138854:43)




  (Results)

  ┌────────────────────────────────────────────────────────────────────────────────────────────────┐
  │ Tests:        2                                                                                │
  │ Passing:      0                                                                                │
  │ Failing:      2                                                                                │
  │ Pending:      0                                                                                │
  │ Skipped:      0                                                                                │
  │ Screenshots:  2                                                                                │
  │ Video:        false                                                                            │
  │ Duration:     15 seconds                                                                       │
  │ Spec Ran:     task-addition.cy.ts                                                              │
  └────────────────────────────────────────────────────────────────────────────────────────────────┘


  (Screenshots)

  -  /home/ubuntu/repos/Not_TODO/cypress/screenshots/task-addition.cy.ts/タスク追加…      (1280x720)
      -- 新しいタスクを追加できる (failed).png                                                      
  -  /home/ubuntu/repos/Not_TODO/cypress/screenshots/task-addition.cy.ts/タスク追加…      (1280x720)
      -- 複数のタスクを追加できる (failed).png                                                      


================================================================================

  (Run Finished)


       Spec                                              Tests  Passing  Failing  Pending  Skipped  
  ┌────────────────────────────────────────────────────────────────────────────────────────────────┐
  │ ✖  complete-workflow.cy.ts                  00:11        1        -        1        -        - │
  ├────────────────────────────────────────────────────────────────────────────────────────────────┤
  │ ✖  not-todo-selection.cy.ts                 00:11        1        -        1        -        - │
  ├────────────────────────────────────────────────────────────────────────────────────────────────┤
  │ ✖  task-addition.cy.ts                      00:15        2        -        2        -        - │
  └────────────────────────────────────────────────────────────────────────────────────────────────┘
    ✖  3 of 3 failed (100%)                     00:37        4        -        4        -        -  

Error: Command failed with exit code 4: npm run cypress:run
    at makeError (/home/ubuntu/repos/Not_TODO/node_modules/start-server-and-test/node_modules/execa/lib/error.js:60:11)
    at handlePromise (/home/ubuntu/repos/Not_TODO/node_modules/start-server-and-test/node_modules/execa/index.js:118:26)
    at process.processTicksAndRejections (node:internal/process/task_queues:105:5) {
  shortMessage: 'Command failed with exit code 4: npm run cypress:run',
  command: 'npm run cypress:run',
  escapedCommand: '"npm run cypress:run"',
  exitCode: 4,
  signal: undefined,
  signalDescription: undefined,
  stdout: undefined,
  stderr: undefined,
  failed: true,
  timedOut: false,
  isCanceled: false,
  killed: false
}
